<?xml version="1.0" encoding="UTF-8"?>
<!-- Generated by org.testng.reporters.JUnitReportReporter -->
<testsuite hostname="DESKTOP-4ON2IB0" failures="0" tests="1" name="spicejet.com.testcases.ValidationTestCase" time="7.976" errors="0" timestamp="2023-05-03T12:29:12 IST" skipped="0">
  <testcase classname="spicejet.com.testcases.ValidationTestCase" name="validate" time="7.976"/>
  <system-out/>
</testsuite> <!-- spicejet.com.testcases.ValidationTestCase -->
